
 ⛅️ wrangler 4.93.0 (update available 4.114.0)
──────────────────────────────────────────────
Resource location: remote 

Migrations to be applied:
┌────────────────────────┐
│ name                   │
├────────────────────────┤
│ canonical-baseline.sql │
└────────────────────────┘
? About to apply 1 migration(s)
Your database may not be available to serve requests during the migration, continue?
🤖 Using fallback value in non-interactive context: yes
🌀 Executing on remote database tirak-t029-rehearsal (aafab53c-2b83-402e-a9b7-01209ed8f894):
🌀 To execute on your local development database, remove the --remote flag from your wrangler command.
🚣 Executed 160 commands in 27.95ms
┌────────────────────────┬────────┐
│ name                   │ status │
├────────────────────────┼────────┤
│ canonical-baseline.sql │ ✅     │
└────────────────────────┴────────┘
