npm warn Unknown user config "allow-scripts". This will stop working in the next major version of npm. See `npm help npmrc` for supported config options.

 в›…пёЏ wrangler 4.114.0
в”Ђв”Ђв”Ђв”Ђв”Ђв”Ђв”Ђв”Ђв”Ђв”Ђв”Ђв”Ђв”Ђв”Ђв”Ђв”Ђв”Ђв”Ђв”Ђв”Ђ
Resource location: remote 

[33mв–І [43;33m[[43;30mWARNING[43;33m][0m [1mвљ пёЏ This process may take some time, during which your D1 database will be unavailable to serve queries.[0m


рџЊЂ Executing on remote database tirak-t031-validation (14e82ef4-0f31-4262-b0d5-705d88a97350):
рџЊЂ To execute on your local development database, remove the --remote flag from your wrangler command.
Note: if the execution fails to complete, your DB will return to its original state and you can safely retry.
в”њ Checking if file needs uploading
в”‚
в”њ рџЊЂ Uploading 14e82ef4-0f31-4262-b0d5-705d88a97350.83104355db2f21a6.sql
в”‚ рџЊЂ Uploading complete.
в”‚
рџЊЂ Starting import...
рџЊЂ Processed 180 queries.
рџљЈ Executed 180 queries in 25.69ms (378 rows read, 365 rows written)
   Database is currently at bookmark 00000000-00000015-000050b2-699796fcb2140121c09ddac7c8db3d6a.
[
  {
    "results": [
      {
        "Total queries executed": 180,
        "Rows read": 378,
        "Rows written": 365,
        "Database size (MB)": "0.93"
      }
    ],
    "success": true,
    "finalBookmark": "00000000-00000015-000050b2-699796fcb2140121c09ddac7c8db3d6a",
    "meta": {
      "served_by": "v3-prod",
      "served_by_region": "APAC",
      "served_by_colo": "SIN",
      "served_by_primary": true,
      "timings": {
        "sql_duration_ms": 25.6869
      },
      "duration": 25.6869,
      "changes": 21,
      "last_row_id": 1,
      "changed_db": true,
      "size_after": 933888,
      "rows_read": 378,
      "rows_written": 365,
      "num_tables": 40,
      "total_attempts": 1
    }
  }
]
